[00:15:28] [ServerMain/INFO]: Environment: authHost='https://authserver.mojang.com', accountsHost='https://api.mojang.com', sessionHost='https://sessionserver.mojang.com', servicesHost='https://api.minecraftservices.com', name='PROD'
[00:15:29] [ServerMain/INFO]: Reloading ResourceManager: Default, bukkit
[00:15:30] [Worker-Main-4/INFO]: Loaded 7 recipes
[00:15:32] [Server thread/INFO]: Starting minecraft server version 1.18.1
[00:15:32] [Server thread/WARN]: ****************************
[00:15:32] [Server thread/WARN]: YOU ARE RUNNING THIS SERVER AS AN ADMINISTRATIVE OR ROOT USER. THIS IS NOT ADVISED.
[00:15:32] [Server thread/WARN]: YOU ARE OPENING YOURSELF UP TO POTENTIAL RISKS WHEN DOING THIS.
[00:15:32] [Server thread/WARN]: FOR MORE INFORMATION, SEE https://madelinemiller.dev/blog/root-minecraft-server/
[00:15:32] [Server thread/WARN]: ****************************
[00:15:32] [Server thread/INFO]: Loading properties
[00:15:32] [Server thread/INFO]: This server is running Paper version git-Paper-185 (MC: 1.18.1) (Implementing API version 1.18.1-R0.1-SNAPSHOT) (Git: 46ed080)
[00:15:32] [Server thread/INFO]: Server Ping Player Sample Count: 12
[00:15:32] [Server thread/INFO]: Using 4 threads for Netty based IO
[00:15:32] [Server thread/INFO]: Default game type: SURVIVAL
[00:15:32] [Server thread/INFO]: Generating keypair
[00:15:32] [Server thread/INFO]: Starting Minecraft server on *:25565
[00:15:32] [Server thread/INFO]: Using epoll channel type
[00:15:33] [Server thread/INFO]: Paper: Using libdeflate (Linux x86_64) compression from Velocity.
[00:15:33] [Server thread/INFO]: Paper: Using OpenSSL 1.1.x (Linux x86_64) cipher from Velocity.
[00:15:33] [Server thread/INFO]: Server permissions file permissions.yml is empty, ignoring it
[00:15:33] [Server thread/INFO]: Preparing level "world"
[00:15:34] [Server thread/INFO]: Preparing start region for dimension minecraft:overworld
[00:15:34] [Server thread/INFO]: Time elapsed: 214 ms
[00:15:34] [Server thread/INFO]: Preparing start region for dimension minecraft:the_nether
[00:15:34] [Server thread/INFO]: Time elapsed: 106 ms
[00:15:34] [Server thread/INFO]: Preparing start region for dimension minecraft:the_end
[00:15:34] [Server thread/INFO]: Time elapsed: 84 ms
[00:15:34] [Server thread/INFO]: Running delayed init tasks
[00:15:34] [Server thread/INFO]: Done (2.399s)! For help, type "help"
[00:15:34] [Server thread/INFO]: Timings Reset
[00:15:36] [Server thread/WARN]: UUID of added entity already exists: EntityBat['Bat'/46, uuid='c622436f-9564-4ab2-8d13-19ab2120ab6b', l='ServerLevel[world]', x=-249.42, y=-21.97, z=-361.49, cpos=[-16, -23], tl=27393, v=false]
[00:15:36] [Server thread/WARN]: UUID of added entity already exists: EntityBat['Bat'/47, uuid='d478deb8-1814-423a-9d7e-219bee68e16c', l='ServerLevel[world]', x=-250.54, y=-42.78, z=-375.55, cpos=[-16, -24], tl=27421, v=false]
[00:15:36] [Server thread/WARN]: UUID of added entity already exists: EntityBat['Bat'/48, uuid='236d1eda-0153-4610-8de7-6e7ce1fddfb4', l='ServerLevel[world]', x=-240.63, y=-3.66, z=-376.05, cpos=[-16, -24], tl=27429, v=false]
[00:15:36] [Server thread/WARN]: UUID of added entity already exists: EntitySheep['Sheep'/139, uuid='d229c031-a007-44e3-9273-dcd9683baabb', l='ServerLevel[world]', x=-83.26, y=66.00, z=-380.50, cpos=[-6, -24], tl=23996, v=false]
[00:15:36] [Server thread/WARN]: UUID of added entity already exists: EntitySheep['Sheep'/140, uuid='ce534dcb-73f7-4d37-be27-e20b432815c4', l='ServerLevel[world]', x=-78.79, y=69.00, z=-417.95, cpos=[-5, -27], tl=17993, v=false]
[00:15:36] [Server thread/WARN]: UUID of added entity already exists: EntitySheep['Sheep'/141, uuid='ce534dcb-73f7-4d37-be27-e20b432815c4', l='ServerLevel[world]', x=-76.50, y=69.00, z=-407.20, cpos=[-5, -26], tl=11994, v=false]
